app/build/intermediates/manifest_merge_blame_file/debug/manifest-merger-blame-debug-report.txt
1<?xml version="1.0" encoding="utf-8"?>
2<manifest xmlns:android="http://schemas.android.com/apk/res/android"
3    package="com.example.drug_free"
4    android:versionCode="1"
5    android:versionName="1.0" >
6
7    <uses-sdk
8        android:minSdkVersion="21"
8-->src\main\AndroidManifest.xml
9        android:targetSdkVersion="30" />
9-->src\main\AndroidManifest.xml
10
11    <uses-permission android:name="android.permission.ACCESS_NETWORK_STATE" />
11-->[io.smooch:ui:7.0.4] AndroidManifest.xml:12:5-79
11-->[io.smooch:ui:7.0.4] AndroidManifest.xml:12:22-76
12    <uses-permission android:name="android.permission.INTERNET" />
12-->[io.smooch:ui:7.0.4] AndroidManifest.xml:13:5-67
12-->[io.smooch:ui:7.0.4] AndroidManifest.xml:13:22-64
13    <uses-permission android:name="android.permission.VIBRATE" />
13-->[io.smooch:ui:7.0.4] AndroidManifest.xml:14:5-66
13-->[io.smooch:ui:7.0.4] AndroidManifest.xml:14:22-63
14    <uses-permission android:name="android.permission.WRITE_EXTERNAL_STORAGE" />
14-->[io.smooch:ui:7.0.4] AndroidManifest.xml:15:5-81
14-->[io.smooch:ui:7.0.4] AndroidManifest.xml:15:22-78
15    <uses-permission android:name="android.permission.ACCESS_FINE_LOCATION" />
15-->[io.smooch:ui:7.0.4] AndroidManifest.xml:16:5-79
15-->[io.smooch:ui:7.0.4] AndroidManifest.xml:16:22-76
16
17    <uses-feature
17-->[io.smooch:ui:7.0.4] AndroidManifest.xml:18:5-20:36
18        android:name="android.hardware.camera"
18-->[io.smooch:ui:7.0.4] AndroidManifest.xml:19:9-47
19        android:required="false" />
19-->[io.smooch:ui:7.0.4] AndroidManifest.xml:20:9-33
20    <uses-feature
20-->[io.smooch:ui:7.0.4] AndroidManifest.xml:21:5-23:36
21        android:name="android.hardware.location.gps"
21-->[io.smooch:ui:7.0.4] AndroidManifest.xml:22:9-53
22        android:required="false" />
22-->[io.smooch:ui:7.0.4] AndroidManifest.xml:23:9-33
23
24    <uses-permission android:name="android.permission.READ_EXTERNAL_STORAGE" />
25    <uses-permission android:name="android.permission.WAKE_LOCK" /> <!-- Required by older versions of Google Play services to create IID tokens -->
25-->[com.google.firebase:firebase-iid:18.0.0] AndroidManifest.xml:24:5-68
25-->[com.google.firebase:firebase-iid:18.0.0] AndroidManifest.xml:24:22-65
26    <uses-permission android:name="com.google.android.c2dm.permission.RECEIVE" />
26-->[com.google.firebase:firebase-iid:18.0.0] AndroidManifest.xml:26:5-82
26-->[com.google.firebase:firebase-iid:18.0.0] AndroidManifest.xml:26:22-79
27
28    <application
28-->src\main\AndroidManifest.xml:5:5-31:19
29        android:name="com.example.drug_free.CustomUiApp"
29-->src\main\AndroidManifest.xml:11:9-36
30        android:allowBackup="true"
30-->src\main\AndroidManifest.xml:6:9-35
31        android:appComponentFactory="androidx.core.app.CoreComponentFactory"
31-->[androidx.core:core:1.3.1] AndroidManifest.xml:24:18-86
32        android:debuggable="true"
33        android:icon="@mipmap/ic_launcher"
33-->src\main\AndroidManifest.xml:7:9-43
34        android:label="@string/app_name"
34-->src\main\AndroidManifest.xml:8:9-41
35        android:requestLegacyExternalStorage="true"
35-->[io.smooch:ui:7.0.4] AndroidManifest.xml:26:9-52
36        android:roundIcon="@mipmap/ic_launcher_round"
36-->src\main\AndroidManifest.xml:9:9-54
37        android:supportsRtl="true"
37-->src\main\AndroidManifest.xml:10:9-35
38        android:testOnly="true"
39        android:theme="@style/AppTheme" >
39-->src\main\AndroidManifest.xml:12:9-40
40        <activity android:name="com.example.drug_free.MainActivity" >
40-->src\main\AndroidManifest.xml:14:9-20:20
40-->src\main\AndroidManifest.xml:14:19-47
41            <intent-filter>
41-->src\main\AndroidManifest.xml:15:13-19:29
42                <action android:name="android.intent.action.MAIN" />
42-->src\main\AndroidManifest.xml:16:17-69
42-->src\main\AndroidManifest.xml:16:25-66
43
44                <category android:name="android.intent.category.LAUNCHER" />
44-->src\main\AndroidManifest.xml:18:17-77
44-->src\main\AndroidManifest.xml:18:27-74
45            </intent-filter>
46        </activity>
47        <activity android:name="com.example.drug_free.recyclermain" >
47-->src\main\AndroidManifest.xml:22:9-26:20
47-->src\main\AndroidManifest.xml:23:13-41
48        </activity>
49
50        <meta-data
50-->src\main\AndroidManifest.xml:28:9-30:57
51            android:name="preloaded_fonts"
51-->src\main\AndroidManifest.xml:29:13-43
52            android:resource="@array/preloaded_fonts" />
52-->src\main\AndroidManifest.xml:30:13-54
53
54        <activity
54-->[io.smooch:ui:7.0.4] AndroidManifest.xml:28:9-31:63
55            android:name="io.smooch.ui.NotificationActivity"
55-->[io.smooch:ui:7.0.4] AndroidManifest.xml:29:13-61
56            android:launchMode="singleTask"
56-->[io.smooch:ui:7.0.4] AndroidManifest.xml:30:13-44
57            android:theme="@style/Theme.Smooch.NoActionBar" />
57-->[io.smooch:ui:7.0.4] AndroidManifest.xml:31:13-60
58        <activity
58-->[io.smooch:ui:7.0.4] AndroidManifest.xml:32:9-37:51
59            android:name="io.smooch.ui.ConversationActivity"
59-->[io.smooch:ui:7.0.4] AndroidManifest.xml:33:13-61
60            android:configChanges="orientation|screenSize"
60-->[io.smooch:ui:7.0.4] AndroidManifest.xml:34:13-59
61            android:label="@string/Smooch_activityConversation"
61-->[io.smooch:ui:7.0.4] AndroidManifest.xml:35:13-64
62            android:launchMode="singleTask"
62-->[io.smooch:ui:7.0.4] AndroidManifest.xml:36:13-44
63            android:theme="@style/Theme.Smooch" />
63-->[io.smooch:ui:7.0.4] AndroidManifest.xml:37:13-48
64        <activity
64-->[io.smooch:ui:7.0.4] AndroidManifest.xml:38:9-40:77
65            android:name="io.smooch.ui.widget.ImageActivity"
65-->[io.smooch:ui:7.0.4] AndroidManifest.xml:39:13-61
66            android:theme="@style/Theme.AppCompat.NoActionBar.FullScreen" />
66-->[io.smooch:ui:7.0.4] AndroidManifest.xml:40:13-74
67
68        <receiver
68-->[io.smooch:ui:7.0.4] AndroidManifest.xml:42:9-48:20
69            android:name="io.smooch.ui.notification.NotificationReceiver"
69-->[io.smooch:ui:7.0.4] AndroidManifest.xml:43:13-74
70            android:exported="false" >
70-->[io.smooch:ui:7.0.4] AndroidManifest.xml:44:13-37
71            <intent-filter>
71-->[io.smooch:ui:7.0.4] AndroidManifest.xml:45:13-47:29
72                <action android:name="io.smooch.NOTIFICATION" />
72-->[io.smooch:ui:7.0.4] AndroidManifest.xml:46:17-65
72-->[io.smooch:ui:7.0.4] AndroidManifest.xml:46:25-62
73            </intent-filter>
74        </receiver>
75
76        <provider
76-->[io.smooch:ui:7.0.4] AndroidManifest.xml:50:9-58:20
77            android:name="androidx.core.content.FileProvider"
77-->[io.smooch:ui:7.0.4] AndroidManifest.xml:51:13-62
78            android:authorities="com.example.drug_free.SMOOCH_FILE_PROVIDER"
78-->[io.smooch:ui:7.0.4] AndroidManifest.xml:52:13-72
79            android:exported="false"
79-->[io.smooch:ui:7.0.4] AndroidManifest.xml:53:13-37
80            android:grantUriPermissions="true" >
80-->[io.smooch:ui:7.0.4] AndroidManifest.xml:54:13-47
81            <meta-data
81-->[io.smooch:ui:7.0.4] AndroidManifest.xml:55:13-57:54
82                android:name="android.support.FILE_PROVIDER_PATHS"
82-->[io.smooch:ui:7.0.4] AndroidManifest.xml:56:17-67
83                android:resource="@xml/file_paths" />
83-->[io.smooch:ui:7.0.4] AndroidManifest.xml:57:17-51
84        </provider>
85
86        <service
86-->[io.smooch:core:7.0.4] AndroidManifest.xml:15:9-17:40
87            android:name="io.smooch.core.service.SmoochService"
87-->[io.smooch:core:7.0.4] AndroidManifest.xml:16:13-64
88            android:exported="false" />
88-->[io.smooch:core:7.0.4] AndroidManifest.xml:17:13-37
89        <service android:name="io.smooch.core.FcmService" >
89-->[io.smooch:core:7.0.4] AndroidManifest.xml:18:9-22:19
89-->[io.smooch:core:7.0.4] AndroidManifest.xml:18:18-58
90            <intent-filter>
90-->[io.smooch:core:7.0.4] AndroidManifest.xml:19:13-21:29
91                <action android:name="com.google.firebase.MESSAGING_EVENT" />
91-->[io.smooch:core:7.0.4] AndroidManifest.xml:20:17-78
91-->[io.smooch:core:7.0.4] AndroidManifest.xml:20:25-75
92            </intent-filter>
93        </service>
94        <!--
95             FirebaseMessagingService performs security checks at runtime,
96             but set to not exported to explicitly avoid allowing another app to call it.
97        -->
98        <service
98-->[com.google.firebase:firebase-messaging:18.0.0] AndroidManifest.xml:28:9-34:19
99            android:name="com.google.firebase.messaging.FirebaseMessagingService"
99-->[com.google.firebase:firebase-messaging:18.0.0] AndroidManifest.xml:29:13-82
100            android:exported="false" >
100-->[com.google.firebase:firebase-messaging:18.0.0] AndroidManifest.xml:30:13-37
101            <intent-filter android:priority="-500" >
101-->[io.smooch:core:7.0.4] AndroidManifest.xml:19:13-21:29
102                <action android:name="com.google.firebase.MESSAGING_EVENT" />
102-->[io.smooch:core:7.0.4] AndroidManifest.xml:20:17-78
102-->[io.smooch:core:7.0.4] AndroidManifest.xml:20:25-75
103            </intent-filter>
104        </service>
105        <service
105-->[com.google.firebase:firebase-iid:18.0.0] AndroidManifest.xml:29:9-35:19
106            android:name="com.google.firebase.components.ComponentDiscoveryService"
106-->[com.google.firebase:firebase-iid:18.0.0] AndroidManifest.xml:30:13-84
107            android:exported="false" >
107-->[com.google.firebase:firebase-iid:18.0.0] AndroidManifest.xml:31:13-37
108            <meta-data
108-->[com.google.firebase:firebase-iid:18.0.0] AndroidManifest.xml:32:13-34:85
109                android:name="com.google.firebase.components:com.google.firebase.iid.Registrar"
109-->[com.google.firebase:firebase-iid:18.0.0] AndroidManifest.xml:33:17-96
110                android:value="com.google.firebase.components.ComponentRegistrar" />
110-->[com.google.firebase:firebase-iid:18.0.0] AndroidManifest.xml:34:17-82
111        </service>
112
113        <receiver
113-->[com.google.firebase:firebase-iid:18.0.0] AndroidManifest.xml:37:9-44:20
114            android:name="com.google.firebase.iid.FirebaseInstanceIdReceiver"
114-->[com.google.firebase:firebase-iid:18.0.0] AndroidManifest.xml:38:13-78
115            android:exported="true"
115-->[com.google.firebase:firebase-iid:18.0.0] AndroidManifest.xml:39:13-36
116            android:permission="com.google.android.c2dm.permission.SEND" >
116-->[com.google.firebase:firebase-iid:18.0.0] AndroidManifest.xml:40:13-73
117            <intent-filter>
117-->[com.google.firebase:firebase-iid:18.0.0] AndroidManifest.xml:41:13-43:29
118                <action android:name="com.google.android.c2dm.intent.RECEIVE" />
118-->[com.google.firebase:firebase-iid:18.0.0] AndroidManifest.xml:42:17-81
118-->[com.google.firebase:firebase-iid:18.0.0] AndroidManifest.xml:42:25-78
119            </intent-filter>
120        </receiver>
121
122        <provider
122-->[com.google.firebase:firebase-common:17.0.0] AndroidManifest.xml:12:9-16:39
123            android:name="com.google.firebase.provider.FirebaseInitProvider"
123-->[com.google.firebase:firebase-common:17.0.0] AndroidManifest.xml:13:13-77
124            android:authorities="com.example.drug_free.firebaseinitprovider"
124-->[com.google.firebase:firebase-common:17.0.0] AndroidManifest.xml:14:13-72
125            android:exported="false"
125-->[com.google.firebase:firebase-common:17.0.0] AndroidManifest.xml:15:13-37
126            android:initOrder="100" />
126-->[com.google.firebase:firebase-common:17.0.0] AndroidManifest.xml:16:13-36
127
128        <activity
128-->[com.google.android.gms:play-services-base:16.0.1] AndroidManifest.xml:23:9-26:75
129            android:name="com.google.android.gms.common.api.GoogleApiActivity"
129-->[com.google.android.gms:play-services-base:16.0.1] AndroidManifest.xml:24:13-79
130            android:exported="false"
130-->[com.google.android.gms:play-services-base:16.0.1] AndroidManifest.xml:25:13-37
131            android:theme="@android:style/Theme.Translucent.NoTitleBar" />
131-->[com.google.android.gms:play-services-base:16.0.1] AndroidManifest.xml:26:13-72
132
133        <meta-data
133-->[com.google.android.gms:play-services-basement:16.0.1] AndroidManifest.xml:23:9-25:69
134            android:name="com.google.android.gms.version"
134-->[com.google.android.gms:play-services-basement:16.0.1] AndroidManifest.xml:24:13-58
135            android:value="@integer/google_play_services_version" />
135-->[com.google.android.gms:play-services-basement:16.0.1] AndroidManifest.xml:25:13-66
136    </application>
137
138</manifest>